This is pdfTeX, Version 3.14159265-2.6-1.40.16 (TeX Live 2015/Debian) (preloaded format=pdflatex 2017.8.25)  3 NOV 2017 09:52
entering extended mode
 restricted \write18 enabled.
 %&-line parsing enabled.
**geospatial_scala.tex
(./geospatial_scala.tex
LaTeX2e <2016/02/01>
Babel <3.9q> and hyphenation patterns for 81 language(s) loaded.
(/usr/share/texlive/texmf-dist/tex/latex/base/article.cls
Document Class: article 2014/09/29 v1.4h Standard LaTeX document class
(/usr/share/texlive/texmf-dist/tex/latex/base/size10.clo
File: size10.clo 2014/09/29 v1.4h Standard LaTeX file (size option)
)
\c@part=\count79
\c@section=\count80
\c@subsection=\count81
\c@subsubsection=\count82
\c@paragraph=\count83
\c@subparagraph=\count84
\c@figure=\count85
\c@table=\count86
\abovecaptionskip=\skip41
\belowcaptionskip=\skip42
\bibindent=\dimen102
)
(/usr/share/texlive/texmf-dist/tex/latex/amsmath/amsmath.sty
Package: amsmath 2016/03/03 v2.15a AMS math features
\@mathmargin=\skip43

For additional information on amsmath, use the `?' option.
(/usr/share/texlive/texmf-dist/tex/latex/amsmath/amstext.sty
Package: amstext 2000/06/29 v2.01 AMS text

(/usr/share/texlive/texmf-dist/tex/latex/amsmath/amsgen.sty
File: amsgen.sty 1999/11/30 v2.0 generic functions
\@emptytoks=\toks14
\ex@=\dimen103
))
(/usr/share/texlive/texmf-dist/tex/latex/amsmath/amsbsy.sty
Package: amsbsy 1999/11/29 v1.2d Bold Symbols
\pmbraise@=\dimen104
)
(/usr/share/texlive/texmf-dist/tex/latex/amsmath/amsopn.sty
Package: amsopn 1999/12/14 v2.01 operator names
)
\inf@bad=\count87
LaTeX Info: Redefining \frac on input line 199.
\uproot@=\count88
\leftroot@=\count89
LaTeX Info: Redefining \overline on input line 297.
\classnum@=\count90
\DOTSCASE@=\count91
LaTeX Info: Redefining \ldots on input line 394.
LaTeX Info: Redefining \dots on input line 397.
LaTeX Info: Redefining \cdots on input line 518.
\Mathstrutbox@=\box26
\strutbox@=\box27
\big@size=\dimen105
LaTeX Font Info:    Redeclaring font encoding OML on input line 630.
LaTeX Font Info:    Redeclaring font encoding OMS on input line 631.
\macc@depth=\count92
\c@MaxMatrixCols=\count93
\dotsspace@=\muskip10
\c@parentequation=\count94
\dspbrk@lvl=\count95
\tag@help=\toks15
\row@=\count96
\column@=\count97
\maxfields@=\count98
\andhelp@=\toks16
\eqnshift@=\dimen106
\alignsep@=\dimen107
\tagshift@=\dimen108
\tagwidth@=\dimen109
\totwidth@=\dimen110
\lineht@=\dimen111
\@envbody=\toks17
\multlinegap=\skip44
\multlinetaggap=\skip45
\mathdisplay@stack=\toks18
LaTeX Info: Redefining \[ on input line 2735.
LaTeX Info: Redefining \] on input line 2736.
)
(/usr/share/texlive/texmf-dist/tex/latex/graphics/graphics.sty
Package: graphics 2016/01/03 v1.0q Standard LaTeX Graphics (DPC,SPQR)

(/usr/share/texlive/texmf-dist/tex/latex/graphics/trig.sty
Package: trig 2016/01/03 v1.10 sin cos tan (DPC)
)
(/usr/share/texlive/texmf-dist/tex/latex/latexconfig/graphics.cfg
File: graphics.cfg 2010/04/23 v1.9 graphics configuration of TeX Live
)
Package graphics Info: Driver file: pdftex.def on input line 95.

(/usr/share/texlive/texmf-dist/tex/latex/pdftex-def/pdftex.def
File: pdftex.def 2011/05/27 v0.06d Graphics/color for pdfTeX

(/usr/share/texlive/texmf-dist/tex/generic/oberdiek/infwarerr.sty
Package: infwarerr 2010/04/08 v1.3 Providing info/warning/error messages (HO)
)
(/usr/share/texlive/texmf-dist/tex/generic/oberdiek/ltxcmds.sty
Package: ltxcmds 2011/11/09 v1.22 LaTeX kernel commands for general use (HO)
)
\Gread@gobject=\count99
))
(/usr/share/texlive/texmf-dist/tex/latex/tools/verbatim.sty
Package: verbatim 2014/10/28 v1.5q LaTeX2e package for verbatim enhancements
\every@verbatim=\toks19
\verbatim@line=\toks20
\verbatim@in@stream=\read1
)
(/usr/share/texlive/texmf-dist/tex/latex/cite/cite.sty
LaTeX Info: Redefining \cite on input line 302.
LaTeX Info: Redefining \nocite on input line 332.
Package: cite 2015/02/27  v 5.5
)
(/usr/share/texlive/texmf-dist/tex/latex/booktabs/booktabs.sty
Package: booktabs 2005/04/14 v1.61803 publication quality tables
\heavyrulewidth=\dimen112
\lightrulewidth=\dimen113
\cmidrulewidth=\dimen114
\belowrulesep=\dimen115
\belowbottomsep=\dimen116
\aboverulesep=\dimen117
\abovetopsep=\dimen118
\cmidrulesep=\dimen119
\cmidrulekern=\dimen120
\defaultaddspace=\dimen121
\@cmidla=\count100
\@cmidlb=\count101
\@aboverulesep=\dimen122
\@belowrulesep=\dimen123
\@thisruleclass=\count102
\@lastruleclass=\count103
\@thisrulewidth=\dimen124
)
(/usr/share/texlive/texmf-dist/tex/latex/float/float.sty
Package: float 2001/11/08 v1.3d Float enhancements (AL)
\c@float@type=\count104
\float@exts=\toks21
\float@box=\box28
\@float@everytoks=\toks22
\@floatcapt=\box29
)
(/usr/share/texlive/texmf-dist/tex/latex/appendix/appendix.sty
Package: appendix 2009/09/02 v1.2b extra appendix facilities
\c@@pps=\count105
\c@@ppsavesec=\count106
\c@@ppsaveapp=\count107
)
(/usr/share/texlive/texmf-dist/tex/latex/hyperref/hyperref.sty
Package: hyperref 2012/11/06 v6.83m Hypertext links for LaTeX

(/usr/share/texlive/texmf-dist/tex/generic/oberdiek/hobsub-hyperref.sty
Package: hobsub-hyperref 2012/05/28 v1.13 Bundle oberdiek, subset hyperref (HO)


(/usr/share/texlive/texmf-dist/tex/generic/oberdiek/hobsub-generic.sty
Package: hobsub-generic 2012/05/28 v1.13 Bundle oberdiek, subset generic (HO)
Package: hobsub 2012/05/28 v1.13 Construct package bundles (HO)
Package hobsub Info: Skipping package `infwarerr' (already loaded).
Package hobsub Info: Skipping package `ltxcmds' (already loaded).
Package: ifluatex 2010/03/01 v1.3 Provides the ifluatex switch (HO)
Package ifluatex Info: LuaTeX not detected.
Package: ifvtex 2010/03/01 v1.5 Detect VTeX and its facilities (HO)
Package ifvtex Info: VTeX not detected.
Package: intcalc 2007/09/27 v1.1 Expandable calculations with integers (HO)
Package: ifpdf 2011/01/30 v2.3 Provides the ifpdf switch (HO)
Package ifpdf Info: pdfTeX in PDF mode is detected.
Package: etexcmds 2011/02/16 v1.5 Avoid name clashes with e-TeX commands (HO)
Package etexcmds Info: Could not find \expanded.
(etexcmds)             That can mean that you are not using pdfTeX 1.50 or
(etexcmds)             that some package has redefined \expanded.
(etexcmds)             In the latter case, load this package earlier.
Package: kvsetkeys 2012/04/25 v1.16 Key value parser (HO)
Package: kvdefinekeys 2011/04/07 v1.3 Define keys (HO)
Package: pdftexcmds 2011/11/29 v0.20 Utility functions of pdfTeX for LuaTeX (HO
)
Package pdftexcmds Info: LuaTeX not detected.
Package pdftexcmds Info: \pdf@primitive is available.
Package pdftexcmds Info: \pdf@ifprimitive is available.
Package pdftexcmds Info: \pdfdraftmode found.
Package: pdfescape 2011/11/25 v1.13 Implements pdfTeX's escape features (HO)
Package: bigintcalc 2012/04/08 v1.3 Expandable calculations on big integers (HO
)
Package: bitset 2011/01/30 v1.1 Handle bit-vector datatype (HO)
Package: uniquecounter 2011/01/30 v1.2 Provide unlimited unique counter (HO)
)
Package hobsub Info: Skipping package `hobsub' (already loaded).
Package: letltxmacro 2010/09/02 v1.4 Let assignment for LaTeX macros (HO)
Package: hopatch 2012/05/28 v1.2 Wrapper for package hooks (HO)
Package: xcolor-patch 2011/01/30 xcolor patch
Package: atveryend 2011/06/30 v1.8 Hooks at the very end of document (HO)
Package atveryend Info: \enddocument detected (standard20110627).
Package: atbegshi 2011/10/05 v1.16 At begin shipout hook (HO)
Package: refcount 2011/10/16 v3.4 Data extraction from label references (HO)
Package: hycolor 2011/01/30 v1.7 Color options for hyperref/bookmark (HO)
)
(/usr/share/texlive/texmf-dist/tex/latex/graphics/keyval.sty
Package: keyval 2014/10/28 v1.15 key=value parser (DPC)
\KV@toks@=\toks23
)
(/usr/share/texlive/texmf-dist/tex/generic/ifxetex/ifxetex.sty
Package: ifxetex 2010/09/12 v0.6 Provides ifxetex conditional
)
(/usr/share/texlive/texmf-dist/tex/latex/oberdiek/auxhook.sty
Package: auxhook 2011/03/04 v1.3 Hooks for auxiliary files (HO)
)
(/usr/share/texlive/texmf-dist/tex/latex/oberdiek/kvoptions.sty
Package: kvoptions 2011/06/30 v3.11 Key value format for package options (HO)
)
\@linkdim=\dimen125
\Hy@linkcounter=\count108
\Hy@pagecounter=\count109

(/usr/share/texlive/texmf-dist/tex/latex/hyperref/pd1enc.def
File: pd1enc.def 2012/11/06 v6.83m Hyperref: PDFDocEncoding definition (HO)
)
\Hy@SavedSpaceFactor=\count110

(/usr/share/texlive/texmf-dist/tex/latex/latexconfig/hyperref.cfg
File: hyperref.cfg 2002/06/06 v1.2 hyperref configuration of TeXLive
)
Package hyperref Info: Hyper figures OFF on input line 4443.
Package hyperref Info: Link nesting OFF on input line 4448.
Package hyperref Info: Hyper index ON on input line 4451.
Package hyperref Info: Plain pages OFF on input line 4458.
Package hyperref Info: Backreferencing OFF on input line 4463.
Package hyperref Info: Implicit mode ON; LaTeX internals redefined.
Package hyperref Info: Bookmarks ON on input line 4688.
\c@Hy@tempcnt=\count111

(/usr/share/texlive/texmf-dist/tex/latex/url/url.sty
\Urlmuskip=\muskip11
Package: url 2013/09/16  ver 3.4  Verb mode for urls, etc.
)
LaTeX Info: Redefining \url on input line 5041.
\XeTeXLinkMargin=\dimen126
\Fld@menulength=\count112
\Field@Width=\dimen127
\Fld@charsize=\dimen128
Package hyperref Info: Hyper figures OFF on input line 6295.
Package hyperref Info: Link nesting OFF on input line 6300.
Package hyperref Info: Hyper index ON on input line 6303.
Package hyperref Info: backreferencing OFF on input line 6310.
Package hyperref Info: Link coloring OFF on input line 6315.
Package hyperref Info: Link coloring with OCG OFF on input line 6320.
Package hyperref Info: PDF/A mode OFF on input line 6325.
LaTeX Info: Redefining \ref on input line 6365.
LaTeX Info: Redefining \pageref on input line 6369.
\Hy@abspage=\count113
\c@Item=\count114
\c@Hfootnote=\count115
)

Package hyperref Message: Driver (autodetected): hpdftex.

(/usr/share/texlive/texmf-dist/tex/latex/hyperref/hpdftex.def
File: hpdftex.def 2012/11/06 v6.83m Hyperref driver for pdfTeX
\Fld@listcount=\count116
\c@bookmark@seq@number=\count117

(/usr/share/texlive/texmf-dist/tex/latex/oberdiek/rerunfilecheck.sty
Package: rerunfilecheck 2011/04/15 v1.7 Rerun checks for auxiliary files (HO)
Package uniquecounter Info: New unique counter `rerunfilecheck' on input line 2
82.
)
\Hy@SectionHShift=\skip46
)
(/usr/share/texlive/texmf-dist/tex/latex/base/fontenc.sty
Package: fontenc 2005/09/27 v1.99g Standard LaTeX package

(/usr/share/texlive/texmf-dist/tex/latex/base/t1enc.def
File: t1enc.def 2005/09/27 v1.99g Standard LaTeX file
LaTeX Font Info:    Redeclaring font encoding T1 on input line 48.
))
(./geospatial_scala.aux)
\openout1 = `geospatial_scala.aux'.

LaTeX Font Info:    Checking defaults for OML/cmm/m/it on input line 21.
LaTeX Font Info:    ... okay on input line 21.
LaTeX Font Info:    Checking defaults for T1/cmr/m/n on input line 21.
LaTeX Font Info:    ... okay on input line 21.
LaTeX Font Info:    Checking defaults for OT1/cmr/m/n on input line 21.
LaTeX Font Info:    ... okay on input line 21.
LaTeX Font Info:    Checking defaults for OMS/cmsy/m/n on input line 21.
LaTeX Font Info:    ... okay on input line 21.
LaTeX Font Info:    Checking defaults for OMX/cmex/m/n on input line 21.
LaTeX Font Info:    ... okay on input line 21.
LaTeX Font Info:    Checking defaults for U/cmr/m/n on input line 21.
LaTeX Font Info:    ... okay on input line 21.
LaTeX Font Info:    Checking defaults for PD1/pdf/m/n on input line 21.
LaTeX Font Info:    ... okay on input line 21.

(/usr/share/texlive/texmf-dist/tex/context/base/supp-pdf.mkii
[Loading MPS to PDF converter (version 2006.09.02).]
\scratchcounter=\count118
\scratchdimen=\dimen129
\scratchbox=\box30
\nofMPsegments=\count119
\nofMParguments=\count120
\everyMPshowfont=\toks24
\MPscratchCnt=\count121
\MPscratchDim=\dimen130
\MPnumerator=\count122
\makeMPintoPDFobject=\count123
\everyMPtoPDFconversion=\toks25
) (/usr/share/texlive/texmf-dist/tex/latex/oberdiek/epstopdf-base.sty
Package: epstopdf-base 2010/02/09 v2.5 Base part for package epstopdf

(/usr/share/texlive/texmf-dist/tex/latex/oberdiek/grfext.sty
Package: grfext 2010/08/19 v1.1 Manage graphics extensions (HO)
)
Package grfext Info: Graphics extension search list:
(grfext)             [.png,.pdf,.jpg,.mps,.jpeg,.jbig2,.jb2,.PNG,.PDF,.JPG,.JPE
G,.JBIG2,.JB2,.eps]
(grfext)             \AppendGraphicsExtensions on input line 452.

(/usr/share/texlive/texmf-dist/tex/latex/latexconfig/epstopdf-sys.cfg
File: epstopdf-sys.cfg 2010/07/13 v1.3 Configuration of (r)epstopdf for TeX Liv
e
))
\AtBeginShipoutBox=\box31
Package hyperref Info: Link coloring OFF on input line 21.

(/usr/share/texlive/texmf-dist/tex/latex/hyperref/nameref.sty
Package: nameref 2012/10/27 v2.43 Cross-referencing by name of section

(/usr/share/texlive/texmf-dist/tex/generic/oberdiek/gettitlestring.sty
Package: gettitlestring 2010/12/03 v1.4 Cleanup title references (HO)
)
\c@section@level=\count124
)
LaTeX Info: Redefining \ref on input line 21.
LaTeX Info: Redefining \pageref on input line 21.
LaTeX Info: Redefining \nameref on input line 21.

(./geospatial_scala.out) (./geospatial_scala.out)
\@outlinefile=\write3
\openout3 = `geospatial_scala.out'.

 (./geospatial_scala.toc
[1

{/var/lib/texmf/fonts/map/pdftex/updmap/pdftex.map}])
\tf@toc=\write4
\openout4 = `geospatial_scala.toc'.


Overfull \hbox (8.52832pt too wide) in paragraph at lines 32--56
\T1/cmr/m/n/10 (EPFL) ([]http://www.scala-lang.org/[]) to per-form geospa-tial 
data anal-y-ses. GDAL
 []


Underfull \hbox (badness 10000) in paragraph at lines 32--56

 []


Overfull \hbox (2.10043pt too wide) in paragraph at lines 32--56
\T1/cmr/m/n/10 to your sys-tem ([]https://launchpad.net/ ubun-tugis/+archive/ub
untu/ppa[]). This
 []


Underfull \hbox (badness 10000) in paragraph at lines 32--56

 []


Underfull \hbox (badness 10000) in paragraph at lines 32--56

 []


Overfull \hbox (0.34512pt too wide) in paragraph at lines 32--56
\T1/cmr/m/n/10 Next, you in-stall GDAL on your ma-chine with the com-mands [[]4
[]] [[]5[]] ([]http://www 
 []


Underfull \hbox (badness 10000) in paragraph at lines 32--56

 []


Underfull \hbox (badness 10000) in paragraph at lines 32--56

 []


Underfull \hbox (badness 10000) in paragraph at lines 32--56

 []


Underfull \hbox (badness 10000) in paragraph at lines 32--56

 []


Underfull \hbox (badness 10000) in paragraph at lines 32--56

 []


Underfull \hbox (badness 10000) in paragraph at lines 32--56

 []

[2]
Underfull \hbox (badness 10000) in paragraph at lines 58--62

 []

LaTeX Font Info:    Try loading font information for OMS+cmr on input line 63.
(/usr/share/texlive/texmf-dist/tex/latex/base/omscmr.fd
File: omscmr.fd 2014/09/29 v2.5h Standard LaTeX font definitions
)
LaTeX Font Info:    Font shape `OMS/cmr/m/n' in size <10> not available
(Font)              Font shape `OMS/cmsy/m/n' tried instead on input line 63.

Underfull \hbox (badness 10000) in paragraph at lines 70--88

 []


Underfull \hbox (badness 10000) in paragraph at lines 70--88

 []

[3]
! Undefined control sequence.
l.93 ...line and launch VIM by typing ‚Äú\$ vim \<
                                                  ENTER\>‚Äù. The following ...

? 
! Missing $ inserted.
<inserted text> 
                $
l.93 ...d launch VIM by typing ‚Äú\$ vim \<ENTER\>
                                                  ‚Äù. The following instruc...

? 
! Missing $ inserted.
<inserted text> 
                $
l.94 \begin{itemize}
                    
? 
! Missing \endgroup inserted.
<inserted text> 
                \endgroup 
l.94 \begin{itemize}
                    
? 
Missing character: There is no ‚ in font cmr10!
Missing character: There is no Ä in font cmr10!
Missing character: There is no ù in font cmr10!

Overfull \hbox (34.60136pt too wide) in paragraph at lines 91--94
\T1/cmr/m/n/10 ENTER$ \OML/cmm/m/it/10 :Thefollowinginstructionswillmakethefirs
tVIMsessioneasytopassthrough \OT1/cmr/m/n/10 :$ 
 []


! LaTeX Error: Lonely \item--perhaps a missing list environment.

See the LaTeX manual or LaTeX Companion for explanation.
Type  H <return>  for immediate help.
 ...                                              
                                                  
l.95 \item b
            ecause VIM starts in command mode you can change to insert mode ...

? 

! LaTeX Error: Lonely \item--perhaps a missing list environment.

See the LaTeX manual or LaTeX Companion for explanation.
Type  H <return>  for immediate help.
 ...                                              
                                                  
l.96 \item t
            o exit insert mode and return to command mode, press the \<ESC\>...

? 
! Undefined control sequence.
l.96 ...e and return to command mode, press the \<
                                                  ESC\> key;
? 
! Missing $ inserted.
<inserted text> 
                $
l.96 ... return to command mode, press the \<ESC\>
                                                   key;
? 

! LaTeX Error: Command \item invalid in math mode.

See the LaTeX manual or LaTeX Companion for explanation.
Type  H <return>  for immediate help.
 ...                                              
                                                  
l.97 \item
           to write the open file to the hard drive use the command ":w file...

? 

! LaTeX Error: Something's wrong--perhaps a missing \item.

See the LaTeX manual or LaTeX Companion for explanation.
Type  H <return>  for immediate help.
 ...                                              
                                                  
l.97 \item t
            o write the open file to the hard drive use the command ":w file...

? 

! LaTeX Error: Something's wrong--perhaps a missing \item.

See the LaTeX manual or LaTeX Companion for explanation.
Type  H <return>  for immediate help.
 ...                                              
                                                  
l.97 \item t
            o write the open file to the hard drive use the command ":w file...

? 

! LaTeX Error: Lonely \item--perhaps a missing list environment.

See the LaTeX manual or LaTeX Companion for explanation.
Type  H <return>  for immediate help.
 ...                                              
                                                  
l.97 \item t
            o write the open file to the hard drive use the command ":w file...

? 

! LaTeX Error: Command \item invalid in math mode.

See the LaTeX manual or LaTeX Companion for explanation.
Type  H <return>  for immediate help.
 ...                                              
                                                  
l.98 \item
           to save the changes type ":" in command mode;
? 
! Missing $ inserted.
<inserted text> 
                $
l.98 \item t
            o save the changes type ":" in command mode;
? 
! Missing } inserted.
<inserted text> 
                }
l.98 \item t
            o save the changes type ":" in command mode;
? 

Overfull \hbox (207.98657pt too wide) in paragraph at lines 96--98
[]\T1/cmr/m/n/10 to exit in-sert mode and re-turn to com-mand mode, press the E
SC$ \OML/cmm/m/it/10 key\OT1/cmr/m/n/10 ; \OML/cmm/m/it/10 towritetheopenfileto
theharddriveusethecommand\OT1/cmr/m/n/10 " :
 []

! Too many }'s.
\par ...m \@noitemerr {\@@par }\fi \else {\@@par }
                                                  \fi 
l.98 \item t
            o save the changes type ":" in command mode;
? 

! LaTeX Error: Lonely \item--perhaps a missing list environment.

See the LaTeX manual or LaTeX Companion for explanation.
Type  H <return>  for immediate help.
 ...                                              
                                                  
l.98 \item t
            o save the changes type ":" in command mode;
? 

! LaTeX Error: Lonely \item--perhaps a missing list environment.

See the LaTeX manual or LaTeX Companion for explanation.
Type  H <return>  for immediate help.
 ...                                              
                                                  
l.99 \item t
            o exit VIM type ":wq" to quit and save changes, or ":q!" to disc...

? 
[4]

! LaTeX Error: Lonely \item--perhaps a missing list environment.

See the LaTeX manual or LaTeX Companion for explanation.
Type  H <return>  for immediate help.
 ...                                              
                                                  
l.100 \item p
             ressing \<ESC\> will not just place you in command mode but als...

? 
! Undefined control sequence.
l.100 \item pressing \<
                       ESC\> will not just place you in command mode but als...

? 
! Missing $ inserted.
<inserted text> 
                $
l.100 \item pressing \<ESC\>
                             will not just place you in command mode but als...

? 

! LaTeX Error: Command \end{document} invalid in math mode.

See the LaTeX manual or LaTeX Companion for explanation.
Type  H <return>  for immediate help.
 ...                                              
                                                  
l.101 \end{itemize}
                   
? 

! LaTeX Error: Something's wrong--perhaps a missing \item.

See the LaTeX manual or LaTeX Companion for explanation.
Type  H <return>  for immediate help.
 ...                                              
                                                  
l.101 \end{itemize}
                   
? 

! LaTeX Error: Something's wrong--perhaps a missing \item.

See the LaTeX manual or LaTeX Companion for explanation.
Type  H <return>  for immediate help.
 ...                                              
                                                  
l.101 \end{itemize}
                   
? 

! LaTeX Error: \begin{document} ended by \end{itemize}.

See the LaTeX manual or LaTeX Companion for explanation.
Type  H <return>  for immediate help.
 ...                                              
                                                  
l.101 \end{itemize}
                   
? 
! Missing $ inserted.
<inserted text> 
                $
l.101 \end{itemize}
                   
? 
! Extra \endgroup.
<recently read> \endgroup 
                          
l.101 \end{itemize}
                   
? 

Overfull \hbox (213.461pt too wide) in paragraph at lines 100--122
[]\T1/cmr/m/n/10 pressing ESC$ \OML/cmm/m/it/10 willnotjustplaceyouincommandmod
ebutalsocancelanunwantedandpartiallycompletedcommandincommandmode:$ 
 []


Underfull \hbox (badness 10000) in paragraph at lines 100--122

 []


Underfull \hbox (badness 10000) in paragraph at lines 100--122

 []


Underfull \hbox (badness 10000) in paragraph at lines 100--122

 []


Underfull \hbox (badness 10000) in paragraph at lines 100--122

 []


Overfull \hbox (16.85608pt too wide) in paragraph at lines 100--122
\T1/cmr/m/n/10 You can undo changes by us-ing the "u" key and redo changes the 
us-ing "<CTRL>r". 
 []


Underfull \hbox (badness 10000) in paragraph at lines 100--122

 []

! Undefined control sequence.
l.138 ...mple: while in command mode "s:caar/car\<
                                                  ENTER\>" means substitute ...

? 
! Missing $ inserted.
<inserted text> 
                $
l.138 ...hile in command mode "s:caar/car\<ENTER\>
                                                  " means substitute "caar" ...

? 
! Undefined control sequence.
l.140 ... followed by the searched word and the \<
                                                  ENTER\> key.
? 
! Undefined control sequence.
l.152 ... in this way. Instead, you have to use \<
                                                  SHIFT\>\<CTRL\>\<C\> to co...

? 
! Undefined control sequence.
l.152 ...way. Instead, you have to use \<SHIFT\>\<
                                                  CTRL\>\<C\> to copy from o...

? 
! Undefined control sequence.
l.152 ...tead, you have to use \<SHIFT\>\<CTRL\>\<
                                                  C\> to copy from one file ...

? 
! Undefined control sequence.
l.152 ...<CTRL\>\<C\> to copy from one file and \<
                                                  SHIFT\>\<CTRL\>\<V\> to pa...

? 
! Undefined control sequence.
l.152 ...C\> to copy from one file and \<SHIFT\>\<
                                                  CTRL\>\<V\> to paste into ...

? 
! Undefined control sequence.
l.152 ...opy from one file and \<SHIFT\>\<CTRL\>\<
                                                  V\> to paste into another ...

? 
! Undefined control sequence.
l.152 ...>\<V\> to paste into another file. The \<
                                                  SHIFT\>\<CTRL\>\<V\> comma...

? 
! Undefined control sequence.
l.152 ... paste into another file. The \<SHIFT\>\<
                                                  CTRL\>\<V\> command lets y...

? 
! Undefined control sequence.
l.152 ...nto another file. The \<SHIFT\>\<CTRL\>\<
                                                  V\> command lets you paste...

? 
! Undefined control sequence.
l.164  For example the ":! ls \<
                                ENTER\>" command will list the objects of th...

? 
! Undefined control sequence.
l.167 ...or getting help in VIM you type ":help \<
                                                  ENTER\>".
? 
! Undefined control sequence.
l.170 ...and line with the command "\$ vimtutor \<
                                                  ENTER\>".
? 
! You can't use `\spacefactor' in math mode.
\cite@adjust ... \@tempa \@zero@skip \spacefactor 
                                                  1001 \fi \ifnum \spacefact...
l.171 ...in Shotts (2009) \cite{shotts_linus_2009}
                                                  , a lecture which gently i...

? 
! Improper \spacefactor.
\cite@adjust ...ctor 1001 \fi \ifnum \spacefactor 
                                                  >\@m \ \else \hskip \@temp...
l.171 ...in Shotts (2009) \cite{shotts_linus_2009}
                                                  , a lecture which gently i...

? 

! LaTeX Error: Command \bfseries invalid in math mode.

See the LaTeX manual or LaTeX Companion for explanation.
Type  H <return>  for immediate help.
 ...                                              
                                                  
l.171 ...in Shotts (2009) \cite{shotts_linus_2009}
                                                  , a lecture which gently i...

? 

LaTeX Warning: Citation `shotts_linus_2009' on page 5 undefined on input line 1
71.

! You can't use `\spacefactor' in math mode.
\@cite ...ivesfalse \citemid {#2}\fi \spacefactor 
                                                  \@m }\citeright \@restore@...
l.171 ...in Shotts (2009) \cite{shotts_linus_2009}
                                                  , a lecture which gently i...

? 
! Missing $ inserted.
<inserted text> 
                $
l.172 
      
? 
! Missing } inserted.
<inserted text> 
                }
l.172 
      
? 
Missing character: There is no Ë in font cmex10!

Underfull \hbox (badness 10000) in paragraph at lines 129--172

 []


Underfull \hbox (badness 10000) in paragraph at lines 129--172

 []


Overfull \hbox (271.2848pt too wide) in paragraph at lines 129--172
\T1/cmr/m/n/10 com-mand mode "s:caar/carENTER$ \OT1/cmr/m/n/10 "\OML/cmm/m/it/1
0 meanssubstitute\OT1/cmr/m/n/10 "\OML/cmm/m/it/10 caar\OT1/cmr/m/n/10 "\OML/cm
m/m/it/10 with\OT1/cmr/m/n/10 "\OML/cmm/m/it/10 car\OT1/cmr/m/n/10 "\OML/cmm/m/
it/10 ; andreplacesthefirstoccurenceofthesearchedword\OT1/cmr/m/n/10 )\OML/cmm/
m/it/10 :The\OT1/cmr/m/n/10 " :
 []


Overfull \hbox (16.82536pt too wide) in paragraph at lines 129--172
\OT1/cmr/m/n/10 #\OML/cmm/m/it/10 ; \OT1/cmr/m/n/10 #\OML/cmm/m/it/10 s=big=sma
ll=g\OT1/cmr/m/n/10 "\OML/cmm/m/it/10 replaces\OT1/cmr/m/n/10 "\OML/cmm/m/it/10
 big\OT1/cmr/m/n/10 "\OML/cmm/m/it/10 with\OT1/cmr/m/n/10 "\OML/cmm/m/it/10 sma
ll\OT1/cmr/m/n/10 "\OML/cmm/m/it/10 withinarangeoflines\OT1/cmr/m/n/10 (" :
 []


Overfull \hbox (1100.43997pt too wide) in paragraph at lines 129--172
\OT1/cmr/m/n/10 "\OML/cmm/m/it/10 startsthecommand; \OT1/cmr/m/n/10 "#"\OML/cmm
/m/it/10 standsforalinenumberand\OT1/cmr/m/n/10 "\OML/cmm/m/it/10 g\OT1/cmr/m/n
/10 "\OML/cmm/m/it/10 standsfor\OT1/cmr/m/n/10 "\OML/cmm/m/it/10 global\OT1/cmr
/m/n/10 ")\OML/cmm/m/it/10 :Tosearchtheentirefileuse\OT1/cmr/m/n/10 "\OML/cmm/m
/it/10 =\OT1/cmr/m/n/10 "\OML/cmm/m/it/10 followedbythesearchedwordandtheENTER 
key:Youcangotothenextoccurrenceofthesearchedwordwiththe\OT1/cmr/m/n/10 "\OML/cm
m/m/it/10 n\OT1/cmr/m/n/10 "(\OML/cmm/m/it/10 from\OT1/cmr/m/n/10 "\OML/cmm/m/i
t/10 next\OT1/cmr/m/n/10 ")\OML/cmm/m/it/10 command:Tosearchandreplaceovertheen
tirefile; i:e:globally; youcanusethecommand\OT1/cmr/m/n/10 " :
 []


Overfull \hbox (327.75412pt too wide) in paragraph at lines 129--172
\OT1/cmr/m/n/10 %\OML/cmm/m/it/10 s=you=YOU=g\OT1/cmr/m/n/10 "(" : "\OML/cmm/m/
it/10 startsthecommand; \OT1/cmr/m/n/10 "%\OML/cmm/m/it/10 s\OT1/cmr/m/n/10 "\O
ML/cmm/m/it/10 findandsubstitute; \OT1/cmr/m/n/10 "\OML/cmm/m/it/10 g\OT1/cmr/m
/n/10 "\OML/cmm/m/it/10 globally\OT1/cmr/m/n/10 )\OML/cmm/m/it/10 :Thesearchcan
alsobedonewithoptions:Forexampleentering\OT1/cmr/m/n/10 " :
 []


Overfull \hbox (77.3868pt too wide) in paragraph at lines 129--172
\OML/cmm/m/it/10 setic\OT1/cmr/m/n/10 "\OML/cmm/m/it/10 willallowfindingalsocom
binationswithcapitals:Todisableignoringcaseenter\OT1/cmr/m/n/10 " :
 []


Overfull \hbox (131.78284pt too wide) in paragraph at lines 129--172
\OML/cmm/m/it/10 setnoic\OT1/cmr/m/n/10 "\OML/cmm/m/it/10 :Youcanalsoenablethe\
OT1/cmr/m/n/10 "\OML/cmm/m/it/10 is\OT1/cmr/m/n/10 "\OML/cmm/m/it/10 option\OT1
/cmr/m/n/10 (\OML/cmm/m/it/10 withthe\OT1/cmr/m/n/10 " : \OML/cmm/m/it/10 setis
\OT1/cmr/m/n/10 "\OML/cmm/m/it/10 command\OT1/cmr/m/n/10 )\OML/cmm/m/it/10 ; wh
ichcanbedisabledwith\OT1/cmr/m/n/10 " :
 []


Overfull \hbox (449.24347pt too wide) in paragraph at lines 129--172
\OML/cmm/m/it/10 Toeditmultiplefilesyoucanopenthemtogetherfromthebeginning\OT1/
cmr/m/n/10 (\OML/cmm/m/it/10 forexample\OT1/cmr/m/n/10 "$\OML/cmm/m/it/10 vimfi
le\OT1/cmr/m/n/10 1\OML/cmm/m/it/10 ; file\OT1/cmr/m/n/10 2\OML/cmm/m/it/10 ; f
ile\OT1/cmr/m/n/10 3)\OML/cmm/m/it/10 oryouopenadditionalfilesafteryoustartedVI
Mwiththecommand\OT1/cmr/m/n/10 " :
 []


Overfull \hbox (246.35736pt too wide) in paragraph at lines 129--172
\OML/cmm/m/it/10 eadditional[]file\OT1/cmr/m/n/10 "\OML/cmm/m/it/10 :Thecommand
\OT1/cmr/m/n/10 "\OML/cmm/m/it/10 buffers\OT1/cmr/m/n/10 "\OML/cmm/m/it/10 disp
laysalistoffilesunderediting:Youcanswitchbetweenfileswiththecommand\OT1/cmr/m/n
/10 " :
 []


Overfull \hbox (50.66139pt too wide) in paragraph at lines 129--172
\OML/cmm/m/it/10 buffer\OT1/cmr/m/n/10 1"\OML/cmm/m/it/10 forexampletogotothefi
rstfilelistedbythe\OT1/cmr/m/n/10 " : \OML/cmm/m/it/10 buffers\OT1/cmr/m/n/10 "
\OML/cmm/m/it/10 command; or\OT1/cmr/m/n/10 " :
 []


Overfull \hbox (608.66411pt too wide) in paragraph at lines 129--172
\OML/cmm/m/it/10 buffer\OT1/cmr/m/n/10 2"\OML/cmm/m/it/10 togotothesecondfileli
stedbythe\OT1/cmr/m/n/10 " : \OML/cmm/m/it/10 buffers\OT1/cmr/m/n/10 "\OML/cmm/
m/it/10 command:Tocopycontentfromonefiletoanotheryoucopywithyank; switchwithbuf
ferandpaste:Thisworksonlyifthefileswereopenedtogetherorwiththe\OT1/cmr/m/n/10 "
 :
 []


Overfull \hbox (1225.15292pt too wide) in paragraph at lines 129--172
\OML/cmm/m/it/10 e\OT1/cmr/m/n/10 "\OML/cmm/m/it/10 command:OpeningdifferentVIM
windowswillnotallowcopyingbetweenfilesinthisway:Instead; youhavetouseSHIFT CTRL
 C tocopyfromonefileandSHIFT CTRL V topasteintoanotherfile:TheSHIFT CTRL V comm
andletsyoupastetextfromallkindofsources\OT1/cmr/m/n/10 (\OML/cmm/m/it/10 fromdo
cuments; websites; etc:\OT1/cmr/m/n/10 )\OML/cmm/m/it/10 :Toinsertanentirefilei
ntoanotheryoucanusethe\OT1/cmr/m/n/10 " :
 []


Overfull \hbox (94.07744pt too wide) in paragraph at lines 129--172
\OML/cmm/m/it/10 rother[]file[]name[]to[]be[]inserted[]into[]the[]current\OT1/c
mr/m/n/10 "\OML/cmm/m/it/10 command; where\OT1/cmr/m/n/10 "\OML/cmm/m/it/10 r\O
T1/cmr/m/n/10 "\OML/cmm/m/it/10 standsfor\OT1/cmr/m/n/10 "\OML/cmm/m/it/10 retr
ieving\OT1/cmr/m/n/10 "\OML/cmm/m/it/10 :[] 
 []


Overfull \hbox (609.42735pt too wide) in paragraph at lines 129--172
\OML/cmm/m/it/10 Toselecttexttopasteyoucanalsousethevisualmodebytyping\OT1/cmr/
m/n/10 "\OML/cmm/m/it/10 v\OT1/cmr/m/n/10 "\OML/cmm/m/it/10 incommandmodeandthe
nmovethecursortotheendofyourselection:Theselectedtextwillbehighlighted:Thenpres
s\OT1/cmr/m/n/10 "\OML/cmm/m/it/10 y\OT1/cmr/m/n/10 "\OML/cmm/m/it/10 toyankita
ndthen\OT1/cmr/m/n/10 "\OML/cmm/m/it/10 p\OT1/cmr/m/n/10 "\OML/cmm/m/it/10 topa
steit:[] 
 []


Overfull \hbox (622.92809pt too wide) in paragraph at lines 129--172
\OML/cmm/m/it/10 Ausefuldebuggingcommandisthematchingparenthesescommand:Youcanf
indoutifthecorrespondingparenthesisorbracketismissingwith\OT1/cmr/m/n/10 "%"\OM
L/cmm/m/it/10 bymovingthecursoronthefirstparenthesisorbracketandtyping\OT1/cmr/
m/n/10 "%"\OML/cmm/m/it/10 :[] 
 []


Overfull \hbox (100.02301pt too wide) in paragraph at lines 129--172
\OML/cmm/m/it/10 Toexcuteandexternalcommand; i:e:acommandasifyouwereinthecomman
dline; withthe\OT1/cmr/m/n/10 " :
 []


Overfull \hbox (183.81935pt too wide) in paragraph at lines 129--172
\OT1/cmr/m/n/10 !\OML/cmm/m/it/10 your[]command\OT1/cmr/m/n/10 "\OML/cmm/m/it/1
0 command:Forexamplethe\OT1/cmr/m/n/10 " :!\OML/cmm/m/it/10 lsENTER \OT1/cmr/m/
n/10 "\OML/cmm/m/it/10 commandwilllisttheobjectsoftheworkingdirectory:[] 
 []


Overfull \hbox (78.96858pt too wide) in paragraph at lines 129--172
\OML/cmm/m/it/10 FinallyforgettinghelpinVIMyoutype\OT1/cmr/m/n/10 " : \OML/cmm/
m/it/10 helpENTER \OT1/cmr/m/n/10 "\OML/cmm/m/it/10 :Toclosethehelpwindowuse\OT
1/cmr/m/n/10 " :
 []


Overfull \hbox (68.89641pt too wide) in paragraph at lines 129--172
\OML/cmm/m/it/10 q\OT1/cmr/m/n/10 "\OML/cmm/m/it/10 :Tofindhelponaspecificcomma
nduse\OT1/cmr/m/n/10 " : \OML/cmm/m/it/10 helpsome[]command\OT1/cmr/m/n/10 "\OM
L/cmm/m/it/10 ; forexampletype\OT1/cmr/m/n/10 " :
 []


Overfull \hbox (937.24309pt too wide) in paragraph at lines 129--172
\OML/cmm/m/it/10 helpuser \OMS/cmsy/m/n/10 ^^@ \OML/cmm/m/it/10 manual\OT1/cmr/
m/n/10 "\OML/cmm/m/it/10 togettotheusermanual:ForaninteractivetutorialforVIMyou
canalsousethe\OT1/cmr/m/n/10 "\OML/cmm/m/it/10 VIMTutor\OT1/cmr/m/n/10 "\OML/cm
m/m/it/10 initiallycreatedbyPierceandWare; whichcanbestartedinthecommandlinewit
hthecommand\OT1/cmr/m/n/10 "$\OML/cmm/m/it/10 vimtutorENTER \OT1/cmr/m/n/10 "\O
ML/cmm/m/it/10 :AshortintroductioninVIMcanbealsofoundinShotts\OT1/cmr/m/n/10 (2
009)
 []


Overfull \hbox (68.50102pt too wide) in paragraph at lines 129--172
\OT1/cmr/m/n/10 1001[[]]\OML/cmm/m/it/10 ; alecturewhichgentlyintroducesreaders
totheLinuxcommandlineingeneral:[]$ 
 []

[5]
! Extra }, or forgotten \endgroup.
\par ...m \@noitemerr {\@@par }\fi \else {\@@par }
                                                  \fi 
l.172 
      
? 
! Undefined control sequence.
l.178 \subsubsubsection
                        {Installing SBT}
? 
! Missing $ inserted.
<inserted text> 
                $
l.180 ...unch the Scala REPL using the command "\>
                                                   console".
? 
! You can't use `\spacefactor' in math mode.
\cite@adjust ... \@tempa \@zero@skip \spacefactor 
                                                  1001 \fi \ifnum \spacefact...
l.183 ...arning Scala" \cite{swartz_learning_2015}
                                                   and the book of Mark Lewi...

? 
! Improper \spacefactor.
\cite@adjust ...ctor 1001 \fi \ifnum \spacefactor 
                                                  >\@m \ \else \hskip \@temp...
l.183 ...arning Scala" \cite{swartz_learning_2015}
                                                   and the book of Mark Lewi...

? 
! You can't use `\spacefactor' in math mode.
\@cite ...ivesfalse \citemid {#2}\fi \spacefactor 
                                                  \@m }\citeright \@restore@...
l.183 ...arning Scala" \cite{swartz_learning_2015}
                                                   and the book of Mark Lewi...

? 
! You can't use `\spacefactor' in math mode.
\cite@adjust ... \@tempa \@zero@skip \spacefactor 
                                                  1001 \fi \ifnum \spacefact...
l.183 ...ing Scala" \cite{lewis_introduction_2017}
                                                  for a great introduction t...

? 
! Improper \spacefactor.
\cite@adjust ...ctor 1001 \fi \ifnum \spacefactor 
                                                  >\@m \ \else \hskip \@temp...
l.183 ...ing Scala" \cite{lewis_introduction_2017}
                                                  for a great introduction t...

? 
! You can't use `\spacefactor' in math mode.
\@cite ...ivesfalse \citemid {#2}\fi \spacefactor 
                                                  \@m }\citeright \@restore@...
l.183 ...ing Scala" \cite{lewis_introduction_2017}
                                                  for a great introduction t...

? 
! Missing $ inserted.
<inserted text> 
                $
l.207 
      
? 
! Missing } inserted.
<inserted text> 
                }
l.207 
      
? 
Missing character: There is no Ë in font cmex10!
Missing character: There is no Ë in font cmex10!

Overfull \hbox (911.01752pt too wide) in paragraph at lines 180--207
\T1/cmr/m/n/10 REPL us-ing the com-mand "$ \OML/cmm/m/it/10 console\OT1/cmr/m/n
/10 "\OML/cmm/m/it/10 :OnUbuntuyoucaninstalltheScalalanguageusingtheaptcommand\
OT1/cmr/m/n/10 ("$\OML/cmm/m/it/10 sudoaptinstallscala\OT1/cmr/m/n/10 ")\OML/cm
m/m/it/10 withnoadditionalcommands:Checkthepackagemanagementtoolyouusetogetthes
ameresult:YoucanopentheScalaREPLandtypeinsomeexpressions\OT1/cmr/m/n/10 ; \OML/
cmm/m/it/10 toexittype\OT1/cmr/m/n/10 " :
 []


Overfull \hbox (41.21815pt too wide) in paragraph at lines 180--207
\OML/cmm/m/it/10 q\OT1/cmr/m/n/10 "(\OML/cmm/m/it/10 VIMisusefulafterall\OT1/cm
r/m/n/10 )\OML/cmm/m/it/10 :Forguidance; checkthebookofJasonSwartz\OT1/cmr/m/n/
10 "\OML/cmm/m/it/10 LearningScala\OT1/cmr/m/n/10 "
 []


Overfull \hbox (81.98714pt too wide) in paragraph at lines 180--207
\OT1/cmr/m/n/10 1001[[]]\OML/cmm/m/it/10 andthebookofMarkLewis\OT1/cmr/m/n/10 "
\OML/cmm/m/it/10 IntroductiontoProgrammingandProblemSolvingUsingScala\OT1/cmr/m
/n/10 "
 []


Overfull \hbox (633.4548pt too wide) in paragraph at lines 180--207
\OML/cmm/m/it/10 InstallingSBTrequiresalookattheSBThomepage\OT1/cmr/m/n/10 ([]\
OML/cmm/m/it/10 http \OT1/cmr/m/n/10 : \OML/cmm/m/it/10 ==www:scala \OMS/cmsy/m
/n/10 ^^@ \OML/cmm/m/it/10 sbt:org=[]\OT1/cmr/m/n/10 )\OML/cmm/m/it/10 inordert
ogetthefourcommandsneededtoinstallitusingthecommandline:Atthetimethepresentdocu
mentiswrittenthecommandsforUbuntuare \OT1/cmr/m/n/10 :
 []


Overfull \hbox (53.51268pt too wide) in paragraph at lines 180--207
\OT1/cmr/m/n/10 $\OML/cmm/m/it/10 echo\OT1/cmr/m/n/10 "\OML/cmm/m/it/10 debhttp
s \OT1/cmr/m/n/10 : \OML/cmm/m/it/10 ==dl:bintray:com=sbt=debian=\OT1/cmr/m/n/1
0 "\OMS/cmsy/m/n/10 k\OML/cmm/m/it/10 sudotee \OMS/cmsy/m/n/10 ^^@ \OML/cmm/m/i
t/10 a=etc=apt=sources:list:d=sbt:list[] 
 []


Overfull \hbox (219.06155pt too wide) in paragraph at lines 180--207
\OT1/cmr/m/n/10 $\OML/cmm/m/it/10 sudoapt \OMS/cmsy/m/n/10 ^^@ \OML/cmm/m/it/10
 keyadv \OMS/cmsy/m/n/10 ^^@ ^^@\OML/cmm/m/it/10 keyserverhkp \OT1/cmr/m/n/10 :
 \OML/cmm/m/it/10 ==keyserver:ubuntu:com \OT1/cmr/m/n/10 : 80 \OMS/cmsy/m/n/10 
^^@ ^^@\OML/cmm/m/it/10 recv\OT1/cmr/m/n/10 2\OML/cmm/m/it/10 EE\OT1/cmr/m/n/10
 0\OML/cmm/m/it/10 EA\OT1/cmr/m/n/10 64\OML/cmm/m/it/10 E\OT1/cmr/m/n/10 40\OML
/cmm/m/it/10 A\OT1/cmr/m/n/10 89\OML/cmm/m/it/10 B\OT1/cmr/m/n/10 84\OML/cmm/m/
it/10 B\OT1/cmr/m/n/10 2\OML/cmm/m/it/10 DF\OT1/cmr/m/n/10 73499\OML/cmm/m/it/1
0 E\OT1/cmr/m/n/10 82\OML/cmm/m/it/10 A\OT1/cmr/m/n/10 75642\OML/cmm/m/it/10 AC
\OT1/cmr/m/n/10 823[] 
 []


Overfull \hbox (551.89642pt too wide) in paragraph at lines 180--207
\OML/cmm/m/it/10 IfyouareusingrpmdistributionsvisittheSBTdownloadpage\OT1/cmr/m
/n/10 (\OML/cmm/m/it/10 href[][]\OT1/cmr/m/n/10 )\OML/cmm/m/it/10 andlookforthe
appropriateinstallingcommands:[] 
 []


Overfull \hbox (326.43307pt too wide) in paragraph at lines 180--207
\OML/cmm/m/it/10 Next; openaScalaREPLsessioninSBTusingthecommandsintroducedatth
ebeginningofthissectionandtypeinsomeexpressions:Youexittheconsolewith\OT1/cmr/m
/n/10 " :
 []

[6]
! Extra }, or forgotten \endgroup.
\par ...m \@noitemerr {\@@par }\fi \else {\@@par }
                                                  \fi 
l.207 
      
? 
! Undefined control sequence.
l.208 \subsubsubsection
                       {Creating a Scala project}
? 
! Undefined control sequence.
l.213 Open the terminal with \<
                               CTRL-ALT-t\>.
? 
! Missing $ inserted.
<inserted text> 
                $
l.213 Open the terminal with \<CTRL-ALT-t\>
                                           .
? 
! Undefined control sequence.
l.215 ...kdir Scala\underline{\space}Playground \<
                                                  ENTER\>"). Check if the di...

? 
! Undefined control sequence.
l.215 ...ory was created with the command "\$ls \<
                                                  ENTER\>" which lists the c...

? 
! Undefined control sequence.
l.216 ...$ cd Scala\underline{\space}Playground \<
                                                  ENTER\>") and create a par...

? 
! Undefined control sequence.
l.231 Go in the command mode with \<
                                    ESC\> and save the changes and give the ...

? 
! You can't use `\spacefactor' in math mode.
\cite@adjust ... \@tempa \@zero@skip \spacefactor 
                                                  1001 \fi \ifnum \spacefact...
l.247 ...BT's own language \cite{suereth_sbt_2016}
                                                  .
? 
! Improper \spacefactor.
\cite@adjust ...ctor 1001 \fi \ifnum \spacefactor 
                                                  >\@m \ \else \hskip \@temp...
l.247 ...BT's own language \cite{suereth_sbt_2016}
                                                  .
? 
! You can't use `\spacefactor' in math mode.
\@cite ...ivesfalse \citemid {#2}\fi \spacefactor 
                                                  \@m }\citeright \@restore@...
l.247 ...BT's own language \cite{suereth_sbt_2016}
                                                  .
? 
! Undefined control sequence.
l.248 Now, get into the command line mode with \<
                                                 ESC\> and save the changes ...

? 
! Missing $ inserted.
<inserted text> 
                $
l.267 
      
? 
! Missing } inserted.
<inserted text> 
                }
l.267 
      
? 
Missing character: There is no Ë in font cmex10!

Underfull \hbox (badness 10000) in paragraph at lines 210--267

 []


Overfull \hbox (2085.13672pt too wide) in paragraph at lines 210--267
\T1/cmr/m/n/10 Open the ter-mi-nal with CTRL-ALT-t$ \OML/cmm/m/it/10 :Itstartsd
irectlyinyourhomedirectory:Next; createadirectorycalledScala[]Playground\OT1/cm
r/m/n/10 ("$\OML/cmm/m/it/10 mkdirScala[]PlaygroundENTER \OT1/cmr/m/n/10 ")\OML
/cmm/m/it/10 :Checkifthedirectorywascreatedwiththecommand\OT1/cmr/m/n/10 "$\OML
/cmm/m/it/10 lsENTER \OT1/cmr/m/n/10 "\OML/cmm/m/it/10 whichliststhecontentsoft
hedirectoryinwhichyouareplaced:Further; switchtotheScala[]Playgrounddirectory\O
T1/cmr/m/n/10 ("$\OML/cmm/m/it/10 cdScala[]PlaygroundENTER \OT1/cmr/m/n/10 ")\O
ML/cmm/m/it/10 andcreateapartoftheinnerstructureofthecurrentdirectorybyaddingan
otherdirectorycalledsrcwithitssubdirectorymain; withitssubdirectoryscala:Thisis
donewiththecommand\OT1/cmr/m/n/10 "$\OML/cmm/m/it/10 mkdir \OMS/cmsy/m/n/10 ^^@

 []


Overfull \hbox (307.1799pt too wide) in paragraph at lines 210--267
\OML/cmm/m/it/10 psrc=main=scala\OT1/cmr/m/n/10 "\OML/cmm/m/it/10 whichcreatest
heentirechainofdirectories:Checkitwith\OT1/cmr/m/n/10 "$\OML/cmm/m/it/10 ls\OT1
/cmr/m/n/10 "\OML/cmm/m/it/10 and\OT1/cmr/m/n/10 "$\OML/cmm/m/it/10 cd\OT1/cmr/
m/n/10 "\OML/cmm/m/it/10 commands; returntotheScala[]Playgrounddirectorywith\OT
1/cmr/m/n/10 "\OML/cmm/m/it/10 cd \OMS/cmsy/m/n/10 ^^@
 []


Overfull \hbox (299.42262pt too wide) in paragraph at lines 210--267
\OML/cmm/m/it/10 Next; intheScala[]Playgrounddirectory; createaseconddirectoryc
alledproject:ThelscommandshouldprintnowfortheScala[]Playgroundtwocontents \OT1/
cmr/m/n/10 :
 []


Overfull \hbox (844.64441pt too wide) in paragraph at lines 210--267
\OML/cmm/m/it/10 ThefinalstepincreatingtheScalaprojectistocreatetwofiles \OT1/c
mr/m/n/10 : \OML/cmm/m/it/10 onedirectlyintheScala[]Playgrounddirectorycalledbu
ild:sbtandthesecondintheScala[]Playground=projectdirectorycalledbuild:propertie
s:OpenVIMwhenyouareintheScala[]playground=projectdirectoryandtypein \OT1/cmr/m/
n/10 :
 []


Overfull \hbox (9.20062pt too wide) in paragraph at lines 210--267
\OML/cmm/m/it/10 GointhecommandmodewithESC andsavethechangesandgivetheopenfilea
name \OT1/cmr/m/n/10 :
 []


Overfull \hbox (116.41342pt too wide) in paragraph at lines 210--267
\OML/cmm/m/it/10 Next; whenyouareintheScala[]PlaygrounddirectoryopenVIMandeditt
hebasicsettingsoftheScalaproject \OT1/cmr/m/n/10 :
 []


Overfull \hbox (479.99335pt too wide) in paragraph at lines 210--267
\OML/cmm/m/it/10 projectname; Scalaversionused; andthedependenciesyouneed:Forth
emomentwewillignoredependenciesandcreatethebasicScalaproject:Typeinthefileopene
dinVIMthefollowingtwolines \OT1/cmr/m/n/10 :
 []


Overfull \hbox (408.44644pt too wide) in paragraph at lines 210--267
\OML/cmm/m/it/10 TheabovetwolinesarenotinScala; theyareinSBT[]sownlanguage\OT1/
cmr/m/n/10 1001[[]]\OML/cmm/m/it/10 :Now; getintothecommandlinemodewithESC ands
avethechangesandgivethefilethenamebuild:sbt\OT1/cmr/m/n/10 (" :
 []


Overfull \hbox (92.01392pt too wide) in paragraph at lines 210--267
\OML/cmm/m/it/10 wbuild:sbt\OT1/cmr/m/n/10 ")\OML/cmm/m/it/10 :ExitVIMwith\OT1/
cmr/m/n/10 " : \OML/cmm/m/it/10 q\OT1/cmr/m/n/10 "\OML/cmm/m/it/10 :Youshouldno
whavethreeobjectsintheScala[]Playgrounddirectory \OT1/cmr/m/n/10 :
 []


Overfull \hbox (1709.05833pt too wide) in paragraph at lines 210--267
\OML/cmm/m/it/10 YoucannowlaunchSBTwhileyouareintheScala[]Playgrounddirectoryus
ingthe\OT1/cmr/m/n/10 "$\OML/cmm/m/it/10 sbt\OT1/cmr/m/n/10 "\OML/cmm/m/it/10 c
ommand:YoucanseetheSBT[]soutputasitusestheinformationfromthetwoeditedfilesandcr
eatesthedesiredScalaproject:WhentheoutputisfinishedyougettoseetheSBTprompt\OT1/
cmr/m/n/10 " "\OML/cmm/m/it/10 :Theprojectwascreatedsuccessfully:Now; launchthe
ScalaREPLwiththecommand\OT1/cmr/m/n/10 " \OML/cmm/m/it/10 console\OT1/cmr/m/n/1
0 "\OML/cmm/m/it/10 :WhentheREPLisopenyougettoseetheScalaprompt\OT1/cmr/m/n/10 
"\OML/cmm/m/it/10 scala \OT1/cmr/m/n/10 "\OML/cmm/m/it/10 :Youcantypeinsomeexpr
essionstoseeifitworks:Type\OT1/cmr/m/n/10 " :
 []


Overfull \hbox (22.42613pt too wide) in paragraph at lines 210--267
\OML/cmm/m/it/10 YoucanseethattheScala[]Playgrounddirectoryhasgainedsomeadditio
naldirectories \OT1/cmr/m/n/10 :
 []


Overfull \hbox (733.81993pt too wide) in paragraph at lines 210--267
\OML/cmm/m/it/10 theScala[]Playground=targetdirectoryandtheScala[]Playground=pr
oject=targetdirectory:ThesearecreatedbySBTwhenitcreatestheScalaproject; andserv
easlocationsfortheoutputofSBTtasks\OT1/cmr/m/n/10 (\OML/cmm/m/it/10 e:g:outputf
ollowingcompilationsorpackagingactions\OT1/cmr/m/n/10 )\OML/cmm/m/it/10 :[] 
 []


Overfull \hbox (20.22829pt too wide) in paragraph at lines 210--267
\OML/cmm/m/it/10 Inthesrc=main=scaladirectoryyoushouldplaceyourScalacodesinform
ofscalafiles:[]$ 
 []

[7]
! Extra }, or forgotten \endgroup.
\par ...m \@noitemerr {\@@par }\fi \else {\@@par }
                                                  \fi 
l.267 
      
? 
! Missing $ inserted.
<inserted text> 
                $
l.270 Open SBT. When you see the SBT prompt "\>
                                               " type in your first SBT comm...

? 
! Missing $ inserted.
<inserted text> 
                $
l.280 \begin{itemize}
                     
? 
! Missing } inserted.
<inserted text> 
                }
l.280 \begin{itemize}
                     
? 
! Missing \endgroup inserted.
<inserted text> 
                \endgroup 
l.280 \begin{itemize}
                     
? 

Overfull \hbox (108.37427pt too wide) in paragraph at lines 270--280
 []\T1/cmr/bx/n/10 Some ba-sic SBT tasks[] \T1/cmr/m/n/10 Open SBT. When you se
e the SBT prompt "$ \OT1/cmr/m/n/10 "\OML/cmm/m/it/10 typeinyourfirstSBTcommand
 \OT1/cmr/m/n/10 :
 []


Overfull \hbox (2240.03406pt too wide) in paragraph at lines 270--280
\OT1/cmr/m/n/10 "\OML/cmm/m/it/10 help\OT1/cmr/m/n/10 "\OML/cmm/m/it/10 :Thisge
neratesanoutputwhichyoucanusetogetfurtherinformationaboutSBTandabouttheconfigur
ationofyourproject\OT1/cmr/m/n/10 (\OML/cmm/m/it/10 command\OT1/cmr/m/n/10 "\OM
L/cmm/m/it/10 about\OT1/cmr/m/n/10 "\OML/cmm/m/it/10 ; command\OT1/cmr/m/n/10 "
\OML/cmm/m/it/10 settings\OT1/cmr/m/n/10 ")\OML/cmm/m/it/10 :Thecommand\OT1/cmr
/m/n/10 "\OML/cmm/m/it/10 reload\OT1/cmr/m/n/10 "\OML/cmm/m/it/10 reloadsthepro
jectinthecurrentdirectory; whichisusefulafteryou[]vechangedtheprojectsettings\O
T1/cmr/m/n/10 (\OML/cmm/m/it/10 forexampleafteraddingdependencies\OT1/cmr/m/n/1
0 )\OML/cmm/m/it/10 orafteryou[]vechangedoraddedsourcefiles:Itdoesthesanitychec
kasitcompilesthesourcefilesandoutputstheerrorsencounteredinthecompilationproces
s; accompaniedbymessagesindicatingpossiblereasons:Itisveryoftenhelpfultotrytore
adtheminordertodebugthecode:[] 
 []


Overfull \hbox (364.01486pt too wide) in paragraph at lines 270--280
\OML/cmm/m/it/10 Thecommand\OT1/cmr/m/n/10 "\OML/cmm/m/it/10 tasks\OT1/cmr/m/n/
10 "\OML/cmm/m/it/10 isalsolistedinthehelpoutput:TheSBTtasksshowmuchofthefuncti
onsSBTcantakeover:Typein\OT1/cmr/m/n/10 "\OML/cmm/m/it/10 tasks\OT1/cmr/m/n/10 
"\OML/cmm/m/it/10 andcheckthedefaultlistofSBTtasks \OT1/cmr/m/n/10 :
 []

! Extra }, or forgotten \endgroup.
\par ...m \@noitemerr {\@@par }\fi \else {\@@par }
                                                  \fi 
l.280 \begin{itemize}
                     
? 
! Undefined control sequence.
l.289 \subsubsubsection
                        {Managing dependencies}
? 

LaTeX Warning: Citation `pfeffer_practical_2016' on page 8 undefined on input l
ine 292.


Overfull \hbox (1.19214pt too wide) in paragraph at lines 291--302
\T1/cmr/m/n/10 ing (see [[]11[]] for an in-tro-duc-tion in Spark), ScalaNLP ([]
http://www.scalanlp.org/[])
 []


Underfull \hbox (badness 10000) in paragraph at lines 291--302

 []


Overfull \hbox (12.95316pt too wide) in paragraph at lines 291--302
\T1/cmr/m/n/10 For GUI pro-gram-ming, the best known li-braries are Scala.swing
 ([]http://www.scala-
 []


Underfull \hbox (badness 10000) in paragraph at lines 291--302

 []

[8]
! Undefined control sequence.
<recently read> \tab 
                     
l.313 \tab
            groupID \%\% artifactID \% revision,\\
? 
! Undefined control sequence.
<recently read> \tab 
                     
l.314 \tab
            groupID \%\% artifactID \% revision\\
? 

Underfull \hbox (badness 10000) in paragraph at lines 305--328

 []


Underfull \hbox (badness 10000) in paragraph at lines 305--328

 []


Underfull \hbox (badness 10000) in paragraph at lines 305--328

 []


Underfull \hbox (badness 10000) in paragraph at lines 305--328

 []


Underfull \hbox (badness 10000) in paragraph at lines 305--328

 []


Underfull \hbox (badness 10000) in paragraph at lines 305--328

 []

[9]
Underfull \hbox (badness 10000) in paragraph at lines 329--345

 []


Underfull \hbox (badness 10000) in paragraph at lines 329--345

 []


Underfull \hbox (badness 10000) in paragraph at lines 329--345

 []

[10]
Underfull \hbox (badness 10000) in paragraph at lines 368--372

 []


Underfull \hbox (badness 10000) in paragraph at lines 375--390

 []


Underfull \hbox (badness 10000) in paragraph at lines 375--390

 []


Underfull \hbox (badness 10000) in paragraph at lines 375--390

 []


Underfull \hbox (badness 10000) in paragraph at lines 375--390

 []

[11]

! LaTeX Error: There's no line here to end.

See the LaTeX manual or LaTeX Companion for explanation.
Type  H <return>  for immediate help.
 ...                                              
                                                  
l.392 Y
       ou can find a shapefile on the internet at one of the sources indicat...

? 

Overfull \hbox (6.55304pt too wide) in paragraph at lines 392--415
[]\T1/cmr/m/n/10 http://gisgeography.com/best-free-gis-data-sources-raster-vect
or/[] and try the fol-
 []


Underfull \hbox (badness 10000) in paragraph at lines 392--415

 []


Underfull \hbox (badness 10000) in paragraph at lines 392--415

 []


Underfull \hbox (badness 10000) in paragraph at lines 392--415

 []


Underfull \hbox (badness 10000) in paragraph at lines 392--415

 []


Underfull \hbox (badness 10000) in paragraph at lines 392--415

 []


Underfull \hbox (badness 10000) in paragraph at lines 392--415

 []


Underfull \hbox (badness 10000) in paragraph at lines 392--415

 []


Underfull \hbox (badness 10000) in paragraph at lines 392--415

 []


Underfull \hbox (badness 10000) in paragraph at lines 392--415

 []

[12]

! LaTeX Error: There's no line here to end.

See the LaTeX manual or LaTeX Companion for explanation.
Type  H <return>  for immediate help.
 ...                                              
                                                  
l.418 I
       n order to access the vector geodata, we make the OGR drivers availab...

? 

Underfull \hbox (badness 10000) in paragraph at lines 418--428

 []

[13] [14]
Underfull \hbox (badness 10000) in paragraph at lines 452--487

 []


Underfull \hbox (badness 10000) in paragraph at lines 452--487

 []


Underfull \hbox (badness 10000) in paragraph at lines 452--487

 []


Underfull \hbox (badness 10000) in paragraph at lines 452--487

 []


Underfull \hbox (badness 10000) in paragraph at lines 452--487

 []


Underfull \hbox (badness 10000) in paragraph at lines 452--487

 []

[15]

! LaTeX Error: There's no line here to end.

See the LaTeX manual or LaTeX Companion for explanation.
Type  H <return>  for immediate help.
 ...                                              
                                                  
l.490 I
       n this code I will use the ETRS1989/LAEA, the Pulkovo1942(58)/ Stereo...

? 

Underfull \hbox (badness 10000) in paragraph at lines 490--706

 []


Underfull \hbox (badness 10000) in paragraph at lines 490--706

 []


Underfull \hbox (badness 10000) in paragraph at lines 490--706

 []


Underfull \hbox (badness 10000) in paragraph at lines 490--706

 []


Underfull \hbox (badness 10000) in paragraph at lines 490--706

 []


Underfull \hbox (badness 10000) in paragraph at lines 490--706

 []


Underfull \hbox (badness 10000) in paragraph at lines 490--706

 []


Underfull \hbox (badness 10000) in paragraph at lines 490--706

 []


Underfull \hbox (badness 10000) in paragraph at lines 490--706

 []


Underfull \hbox (badness 10000) in paragraph at lines 490--706

 []


Underfull \hbox (badness 10000) in paragraph at lines 490--706

 []


Underfull \hbox (badness 10000) in paragraph at lines 490--706

 []


Underfull \hbox (badness 10000) in paragraph at lines 490--706

 []


Underfull \hbox (badness 10000) in paragraph at lines 490--706

 []


Underfull \hbox (badness 10000) in paragraph at lines 490--706

 []


Underfull \hbox (badness 10000) in paragraph at lines 490--706

 []


Underfull \hbox (badness 10000) in paragraph at lines 490--706

 []


Underfull \hbox (badness 10000) in paragraph at lines 490--706

 []


Underfull \hbox (badness 10000) in paragraph at lines 490--706

 []


Underfull \hbox (badness 10000) in paragraph at lines 490--706

 []


Underfull \hbox (badness 10000) in paragraph at lines 490--706

 []

[16] [17] [18] [19] [20]
Underfull \hbox (badness 10000) in paragraph at lines 707--712

 []

[21]
Underfull \hbox (badness 10000) in paragraph at lines 736--772

 []


Underfull \hbox (badness 10000) in paragraph at lines 736--772

 []


Underfull \hbox (badness 10000) in paragraph at lines 736--772

 []


Underfull \hbox (badness 10000) in paragraph at lines 736--772

 []


Underfull \hbox (badness 10000) in paragraph at lines 736--772

 []

[22]
Underfull \hbox (badness 10000) in paragraph at lines 773--780

 []


Underfull \hbox (badness 10000) in paragraph at lines 773--780

 []


Underfull \hbox (badness 10000) in paragraph at lines 782--848

 []


Overfull \hbox (30.08896pt too wide) in paragraph at lines 782--848
\T1/cmr/m/n/10 val cur-rent-Po-si-tion = new org.gdal.ogr.Geometry(org.gdal.ogr
.ogrConstants.wkbPoint) 
 []


Overfull \hbox (53.16666pt too wide) in paragraph at lines 782--848
\T1/cmr/m/n/10 val mul-ti-PointHP1 = new org.gdal.ogr.Geometry(org.gdal.ogr.ogr
Constants.wkbMultiPoint) 
 []


Overfull \hbox (132.61838pt too wide) in paragraph at lines 782--848
\T1/cmr/m/n/10 val ge-oms-ForMP = for (p<- pointsHP1) yield new org.gdal.ogr.Ge
ometry(org.gdal.ogr.ogrConstants.wkbPoint) 
 []


Overfull \hbox (9.89944pt too wide) in paragraph at lines 782--848
\T1/cmr/m/n/10 val road1 = new org.gdal.ogr.Geometry(org.gdal.ogr.ogrConstants.
wkbLineString) 
 []


Overfull \hbox (9.89944pt too wide) in paragraph at lines 782--848
\T1/cmr/m/n/10 val road2 = new org.gdal.ogr.Geometry(org.gdal.ogr.ogrConstants.
wkbLineString) 
 []


Overfull \hbox (9.89944pt too wide) in paragraph at lines 782--848
\T1/cmr/m/n/10 val road3 = new org.gdal.ogr.Geometry(org.gdal.ogr.ogrConstants.
wkbLineString) 
 []


Overfull \hbox (29.6724pt too wide) in paragraph at lines 782--848
\T1/cmr/m/n/10 val gp-sTrack1 = new org.gdal.ogr.Geometry(org.gdal.ogr.ogrConst
ants.wkbLineString) 
 []


Overfull \hbox (63.7474pt too wide) in paragraph at lines 782--848
\T1/cmr/m/n/10 val mul-ti-Li-neEx = new org.gdal.ogr.Geometry(org.gdal.ogr.ogrC
onstants.wkbMultiLineString) 
 []


Overfull \hbox (36.64291pt too wide) in paragraph at lines 782--848
\T1/cmr/m/n/10 val habi-tat-Patch1 = new org.gdal.ogr.Geometry(org.gdal.ogr.ogr
Constants.wkbPolygon) 
 []


Overfull \hbox (40.69748pt too wide) in paragraph at lines 782--848
\T1/cmr/m/n/10 val habi-ta-tRing = new org.gdal.ogr.Geometry(org.gdal.ogr.ogrCo
nstants.wkbLinearRing) 
 []


Overfull \hbox (36.64291pt too wide) in paragraph at lines 782--848
\T1/cmr/m/n/10 val habi-tat-Patch2 = new org.gdal.ogr.Geometry(org.gdal.ogr.ogr
Constants.wkbPolygon) 
 []


Overfull \hbox (45.69626pt too wide) in paragraph at lines 782--848
\T1/cmr/m/n/10 val habi-ta-tRing2 = new org.gdal.ogr.Geometry(org.gdal.ogr.ogrC
onstants.wkbLinearRing) 
 []


Overfull \hbox (36.64291pt too wide) in paragraph at lines 782--848
\T1/cmr/m/n/10 val habi-tat-Patch3 = new org.gdal.ogr.Geometry(org.gdal.ogr.ogr
Constants.wkbPolygon) 
 []


Overfull \hbox (45.69626pt too wide) in paragraph at lines 782--848
\T1/cmr/m/n/10 val habi-ta-tRing3 = new org.gdal.ogr.Geometry(org.gdal.ogr.ogrC
onstants.wkbLinearRing) 
 []


Overfull \hbox (3.53989pt too wide) in paragraph at lines 782--848
\T1/cmr/m/n/10 val stArea = new org.gdal.ogr.Geometry(org.gdal.ogr.ogrConstants
.wkbPolygon) 
 []


Overfull \hbox (35.8931pt too wide) in paragraph at lines 782--848
\T1/cmr/m/n/10 val ringStArea = new org.gdal.ogr.Geometry(org.gdal.ogr.ogrConst
ants.wkbLinearRing) 
 []


Overfull \hbox (69.27383pt too wide) in paragraph at lines 782--848
\T1/cmr/m/n/10 val mul-ti-Poly-gonEx = new org.gdal.ogr.Geometry(org.gdal.ogr.o
grConstants.wkbMultiPolygon) 
 []


Overfull \hbox (10.91309pt too wide) in paragraph at lines 782--848
\T1/cmr/m/n/10 val mul-ti-Poly-Polys = Ar-ray(habitatPatch1, habi-tat-Patch2, h
abi-tat-Patch3, stArea) 
 []


Underfull \hbox (badness 10000) in paragraph at lines 782--848

 []


Underfull \hbox (badness 10000) in paragraph at lines 782--848

 []

[23] [24]
Underfull \hbox (badness 10000) in paragraph at lines 858--863

 []

[25]
Underfull \hbox (badness 10000) in paragraph at lines 865--912

 []


Overfull \hbox (1.66534pt too wide) in paragraph at lines 865--912
\T1/cmr/m/n/10 ([]https://github.com/RoxanaTesileanu/multivariate$[]$analyses/t
ree/master/Deep 
 []


Underfull \hbox (badness 10000) in paragraph at lines 865--912

 []


Overfull \hbox (20.82733pt too wide) in paragraph at lines 865--912
\T1/cmr/m/n/10 val fd1 = new org.gdal.ogr.FieldDefn("Type", org.gdal.ogr.ogrCon
stants.OFTString) 
 []


Overfull \hbox (13.46802pt too wide) in paragraph at lines 865--912
\T1/cmr/m/n/10 val fd2 = new org.gdal.ogr.FieldDefn("ID", org.gdal.ogr.ogrConst
ants.OFTInteger) 
 []


Underfull \hbox (badness 10000) in paragraph at lines 865--912

 []


Underfull \hbox (badness 10000) in paragraph at lines 865--912

 []


Underfull \hbox (badness 10000) in paragraph at lines 865--912

 []

[26]
Underfull \hbox (badness 10000) in paragraph at lines 913--921

 []


Underfull \hbox (badness 10000) in paragraph at lines 913--921

 []


Underfull \hbox (badness 10000) in paragraph at lines 945--973

 []


Underfull \hbox (badness 10000) in paragraph at lines 945--973

 []


Underfull \hbox (badness 10000) in paragraph at lines 945--973

 []


Underfull \hbox (badness 10000) in paragraph at lines 945--973

 []


Underfull \hbox (badness 10000) in paragraph at lines 945--973

 []


Underfull \hbox (badness 10000) in paragraph at lines 945--973

 []

[27] [28] (./geospatial_scala.bbl
Underfull \hbox (badness 10000) in paragraph at lines 981--2

 []


Overfull \hbox (29.21417pt too wide) in paragraph at lines 981--2
\T1/cmr/m/n/10 The source .tex file of the present doc-u-ment is also avail-abl
e in the multivariate$[]$analyses
 []

[29]
Underfull \hbox (badness 1286) in paragraph at lines 54--58
\T1/cmr/m/n/10 form for Scala projects,'' 2017. [On-line]. Avail-
 []

[30])
Underfull \hbox (badness 10000) in paragraph at lines 991--1141

 []


Underfull \hbox (badness 10000) in paragraph at lines 991--1141

 []


Underfull \hbox (badness 10000) in paragraph at lines 991--1141

 []


Underfull \hbox (badness 10000) in paragraph at lines 991--1141

 []


Underfull \hbox (badness 10000) in paragraph at lines 991--1141

 []


Underfull \hbox (badness 10000) in paragraph at lines 991--1141

 []


Underfull \hbox (badness 10000) in paragraph at lines 991--1141

 []


Underfull \hbox (badness 10000) in paragraph at lines 991--1141

 []


Underfull \hbox (badness 10000) in paragraph at lines 991--1141

 []


Underfull \hbox (badness 10000) in paragraph at lines 991--1141

 []


Underfull \hbox (badness 10000) in paragraph at lines 991--1141

 []


Underfull \hbox (badness 10000) in paragraph at lines 991--1141

 []


Underfull \hbox (badness 10000) in paragraph at lines 991--1141

 []


Underfull \hbox (badness 10000) in paragraph at lines 991--1141

 []


Underfull \hbox (badness 10000) in paragraph at lines 991--1141

 []


Underfull \hbox (badness 10000) in paragraph at lines 991--1141

 []


Underfull \hbox (badness 10000) in paragraph at lines 991--1141

 []


Underfull \hbox (badness 10000) in paragraph at lines 991--1141

 []

[31] [32] [33]
Overfull \hbox (21.01993pt too wide) in paragraph at lines 1142--1142
[]\T1/cmr/bx/n/14.4 Scala source file: read-Point-Co-ord.scala 
 []


Underfull \hbox (badness 10000) in paragraph at lines 1143--1178

 []


Underfull \hbox (badness 10000) in paragraph at lines 1143--1178

 []


Underfull \hbox (badness 10000) in paragraph at lines 1143--1178

 []

[34]
Underfull \hbox (badness 10000) in paragraph at lines 1180--1232

 []


Underfull \hbox (badness 10000) in paragraph at lines 1180--1232

 []


Overfull \hbox (30.08896pt too wide) in paragraph at lines 1180--1232
\T1/cmr/m/n/10 val cur-rent-Po-si-tion = new org.gdal.ogr.Geometry(org.gdal.ogr
.ogrConstants.wkbPoint) 
 []


Overfull \hbox (53.16666pt too wide) in paragraph at lines 1180--1232
\T1/cmr/m/n/10 val mul-ti-PointHP1 = new org.gdal.ogr.Geometry(org.gdal.ogr.ogr
Constants.wkbMultiPoint) 
 []


Overfull \hbox (132.61838pt too wide) in paragraph at lines 1180--1232
\T1/cmr/m/n/10 val ge-oms-ForMP = for (p<- pointsHP1) yield new org.gdal.ogr.Ge
ometry(org.gdal.ogr.ogrConstants.wkbPoint) 
 []


Overfull \hbox (9.89944pt too wide) in paragraph at lines 1180--1232
\T1/cmr/m/n/10 val road1 = new org.gdal.ogr.Geometry(org.gdal.ogr.ogrConstants.
wkbLineString) 
 []


Overfull \hbox (9.89944pt too wide) in paragraph at lines 1180--1232
\T1/cmr/m/n/10 val road2 = new org.gdal.ogr.Geometry(org.gdal.ogr.ogrConstants.
wkbLineString) 
 []


Overfull \hbox (9.89944pt too wide) in paragraph at lines 1180--1232
\T1/cmr/m/n/10 val road3 = new org.gdal.ogr.Geometry(org.gdal.ogr.ogrConstants.
wkbLineString) 
 []


Overfull \hbox (29.6724pt too wide) in paragraph at lines 1180--1232
\T1/cmr/m/n/10 val gp-sTrack1 = new org.gdal.ogr.Geometry(org.gdal.ogr.ogrConst
ants.wkbLineString) 
 []


Overfull \hbox (63.7474pt too wide) in paragraph at lines 1180--1232
\T1/cmr/m/n/10 val mul-ti-Li-neEx = new org.gdal.ogr.Geometry(org.gdal.ogr.ogrC
onstants.wkbMultiLineString) 
 []


Overfull \hbox (36.64291pt too wide) in paragraph at lines 1180--1232
\T1/cmr/m/n/10 val habi-tat-Patch1 = new org.gdal.ogr.Geometry(org.gdal.ogr.ogr
Constants.wkbPolygon) 
 []


Overfull \hbox (45.69626pt too wide) in paragraph at lines 1180--1232
\T1/cmr/m/n/10 val habi-ta-tRing1 = new org.gdal.ogr.Geometry(org.gdal.ogr.ogrC
onstants.wkbLinearRing) 
 []


Overfull \hbox (36.64291pt too wide) in paragraph at lines 1180--1232
\T1/cmr/m/n/10 val habi-tat-Patch2 = new org.gdal.ogr.Geometry(org.gdal.ogr.ogr
Constants.wkbPolygon) 
 []


Overfull \hbox (45.69626pt too wide) in paragraph at lines 1180--1232
\T1/cmr/m/n/10 val habi-ta-tRing2 = new org.gdal.ogr.Geometry(org.gdal.ogr.ogrC
onstants.wkbLinearRing) 
 []


Overfull \hbox (36.64291pt too wide) in paragraph at lines 1180--1232
\T1/cmr/m/n/10 val habi-tat-Patch3 = new org.gdal.ogr.Geometry(org.gdal.ogr.ogr
Constants.wkbPolygon) 
 []


Overfull \hbox (45.69626pt too wide) in paragraph at lines 1180--1232
\T1/cmr/m/n/10 val habi-ta-tRing3 = new org.gdal.ogr.Geometry(org.gdal.ogr.ogrC
onstants.wkbLinearRing) 
 []


Overfull \hbox (3.53989pt too wide) in paragraph at lines 1180--1232
\T1/cmr/m/n/10 val stArea = new org.gdal.ogr.Geometry(org.gdal.ogr.ogrConstants
.wkbPolygon) 
 []


Overfull \hbox (35.8931pt too wide) in paragraph at lines 1180--1232
\T1/cmr/m/n/10 val ringStArea = new org.gdal.ogr.Geometry(org.gdal.ogr.ogrConst
ants.wkbLinearRing) 
 []


Overfull \hbox (69.27383pt too wide) in paragraph at lines 1180--1232
\T1/cmr/m/n/10 val mul-ti-Poly-gonEx = new org.gdal.ogr.Geometry(org.gdal.ogr.o
grConstants.wkbMultiPolygon) 
 []


Overfull \hbox (10.91309pt too wide) in paragraph at lines 1180--1232
\T1/cmr/m/n/10 val mul-ti-Poly-Polys = Ar-ray(habitatPatch1, habi-tat-Patch2, h
abi-tat-Patch3, stArea) 
 []


Underfull \hbox (badness 10000) in paragraph at lines 1180--1232

 []


Underfull \hbox (badness 10000) in paragraph at lines 1180--1232

 []

[35]
Overfull \hbox (2.52104pt too wide) in paragraph at lines 1232--1232
[]\T1/cmr/bx/n/14.4 Scala source file: cre-at-eVLayer.scala 
 []


Underfull \hbox (badness 10000) in paragraph at lines 1233--1234

 []

[36]
Underfull \hbox (badness 10000) in paragraph at lines 1235--1276

 []


Underfull \hbox (badness 10000) in paragraph at lines 1235--1276

 []


Underfull \hbox (badness 10000) in paragraph at lines 1235--1276

 []


Underfull \hbox (badness 10000) in paragraph at lines 1235--1276

 []


Overfull \hbox (144.69986pt too wide) in paragraph at lines 1235--1276
\T1/cmr/m/n/10 val lyr = ds.CreateLayer("RoadsAndGPSTracks", googleMapSR, org.g
dal.ogr.ogrConstants.wkbMultiLineString) 
 []


Overfull \hbox (20.82733pt too wide) in paragraph at lines 1235--1276
\T1/cmr/m/n/10 val fd1 = new org.gdal.ogr.FieldDefn("Type", org.gdal.ogr.ogrCon
stants.OFTString) 
 []


Overfull \hbox (13.46802pt too wide) in paragraph at lines 1235--1276
\T1/cmr/m/n/10 val fd2 = new org.gdal.ogr.FieldDefn("ID", org.gdal.ogr.ogrConst
ants.OFTInteger) 
 []


Underfull \hbox (badness 10000) in paragraph at lines 1235--1276

 []


! LaTeX Error: \begin{appendices} on input line 989 ended by \end{document}.

See the LaTeX manual or LaTeX Companion for explanation.
Type  H <return>  for immediate help.
 ...                                              
                                                  
l.1280 \end {document}
                      
? 
Package atveryend Info: Empty hook `BeforeClearDocument' on input line 1280.

Underfull \hbox (badness 10000) in paragraph at lines 1277--1280

 []


Underfull \hbox (badness 10000) in paragraph at lines 1277--1280

 []


Underfull \hbox (badness 10000) in paragraph at lines 1277--1280

 []

[37] [38]
Package atveryend Info: Empty hook `AfterLastShipout' on input line 1280.
 (./geospatial_scala.aux)
Package atveryend Info: Executing hook `AtVeryEndDocument' on input line 1280.
Package atveryend Info: Executing hook `AtEndAfterFileList' on input line 1280.

Package rerunfilecheck Info: File `geospatial_scala.out' has not changed.
(rerunfilecheck)             Checksum: 8529ABA9786EB6587FF87CE96DF1EAE7;1987.


LaTeX Warning: There were undefined references.

Package atveryend Info: Empty hook `AtVeryVeryEnd' on input line 1280.
 )
(\end occurred inside a group at level 1)

### semi simple group (level 1) entered at line 989 (\begingroup)
### bottom level 
Here is how much of TeX's memory you used:
 6285 strings out of 493029
 89951 string characters out of 6136234
 193641 words of memory out of 5000000
 9655 multiletter control sequences out of 15000+600000
 13580 words of font info for 36 fonts, out of 8000000 for 9000
 1141 hyphenation exceptions out of 8191
 29i,6n,31p,897b,440s stack positions out of 5000i,500n,10000p,200000b,80000s
{/usr/share/texmf/fonts/enc/dvips/cm-super/cm-super-t1.enc}</us
r/share/texlive/texmf-dist/fonts/type1/public/amsfonts/cm/cmmi10.pfb></usr/shar
e/texlive/texmf-dist/fonts/type1/public/amsfonts/cm/cmmi7.pfb></usr/share/texli
ve/texmf-dist/fonts/type1/public/amsfonts/cm/cmr10.pfb></usr/share/texlive/texm
f-dist/fonts/type1/public/amsfonts/cm/cmsy10.pfb></usr/share/texlive/texmf-dist
/fonts/type1/public/amsfonts/cm/cmsy7.pfb></usr/share/texmf/fonts/type1/public/
cm-super/sfbx1000.pfb></usr/share/texmf/fonts/type1/public/cm-super/sfbx1200.pf
b></usr/share/texmf/fonts/type1/public/cm-super/sfbx1440.pfb></usr/share/texmf/
fonts/type1/public/cm-super/sfrm1000.pfb></usr/share/texmf/fonts/type1/public/c
m-super/sfrm1200.pfb></usr/share/texmf/fonts/type1/public/cm-super/sfrm1728.pfb
></usr/share/texmf/fonts/type1/public/cm-super/sfti1000.pfb>
Output written on geospatial_scala.pdf (38 pages, 282340 bytes).
PDF statistics:
 528 PDF objects out of 1000 (max. 8388607)
 471 compressed objects within 5 object streams
 102 named destinations out of 1000 (max. 500000)
 209 words of extra memory for PDF output out of 10000 (max. 10000000)

